Arguments: 
  /usr/local/Cellar/node@8/8.11.3_1/bin/node /usr/local/Cellar/yarn/1.9.4/libexec/bin/yarn.js add jest-ts --dev

PATH: 
  /Users/pietdevries/.rbenv/shims:/usr/local/opt/coreutils/libexec/gnubin:/usr/local/sbin:/Users/pietdevries/Projects/Go/bin:./vendor/bin:/usr/local/bin:/usr/bin:/bin:/usr/sbin:/sbin:/opt/X11/bin:/Users/pietdevries/.rbenv/shims:/usr/local/opt/coreutils/libexec/gnubin:/usr/local/sbin:/Users/pietdevries/Projects/Go/bin:./vendor/bin:/Users/pietdevries/.composer/vendor/bin:/Users/pietdevries/.yarn/bin:./node_modules/bin:./node_modules/.bin:/Users/pietdevries/.composer/vendor/bin:/Users/pietdevries/.yarn/bin:./node_modules/bin:./node_modules/.bin

Yarn version: 
  1.9.4

Node version: 
  8.11.3

Platform: 
  darwin x64

Trace: 
  Error: https://registry.yarnpkg.com/jest-ts: Not found
      at Request.params.callback [as _callback] (/usr/local/Cellar/yarn/1.9.4/libexec/lib/cli.js:64202:18)
      at Request.self.callback (/usr/local/Cellar/yarn/1.9.4/libexec/lib/cli.js:137468:22)
      at emitTwo (events.js:126:13)
      at Request.emit (events.js:214:7)
      at Request.<anonymous> (/usr/local/Cellar/yarn/1.9.4/libexec/lib/cli.js:138440:10)
      at emitOne (events.js:116:13)
      at Request.emit (events.js:211:7)
      at IncomingMessage.<anonymous> (/usr/local/Cellar/yarn/1.9.4/libexec/lib/cli.js:138362:12)
      at Object.onceWrapper (events.js:313:30)
      at emitNone (events.js:111:20)

npm manifest: 
  {
    "name": "vuex-fetchers",
    "version": "1.0.0",
    "description": "A package which helps you make smart fetcher actions for Vuex",
    "main": "dist/index.js",
    "types": "dist/index.d.ts",
    "scripts": {
      "build": "rm -r dist; tsc"
    },
    "repository": "https://github.com/pietdevries94/vuex-fetchers",
    "author": "Piet de Vries <piet@devries.tech>)",
    "license": "MIT",
    "devDependencies": {
      "typescript": "^3.0.1",
      "vue": "^2.5.17",
      "vuex": "^3.0.1"
    },
    "peerDependencies": {
      "vue": "^2.5.17",
      "vuex": "^3.0.1"
    }
  }

yarn manifest: 
  No manifest

Lockfile: 
  # THIS IS AN AUTOGENERATED FILE. DO NOT EDIT THIS FILE DIRECTLY.
  # yarn lockfile v1
  
  
  typescript@^3.0.1:
    version "3.0.1"
    resolved "https://registry.yarnpkg.com/typescript/-/typescript-3.0.1.tgz#43738f29585d3a87575520a4b93ab6026ef11fdb"
  
  vue@^2.5.17:
    version "2.5.17"
    resolved "https://registry.yarnpkg.com/vue/-/vue-2.5.17.tgz#0f8789ad718be68ca1872629832ed533589c6ada"
  
  vuex@^3.0.1:
    version "3.0.1"
    resolved "https://registry.yarnpkg.com/vuex/-/vuex-3.0.1.tgz#e761352ebe0af537d4bb755a9b9dc4be3df7efd2"
